<?xml version="1.0" encoding="UTF-8"?>
<!-- Generated by org.testng.reporters.JUnitReportReporter -->
<testsuite skipped="0" hostname="SVRODK00074" name="test.api.BasicAuthenticationTest" tests="2" failures="0" timestamp="27 Jul 2018 09:01:43 GMT" time="1.924" errors="0">
  <testcase name="noAuthenticationTest" time="0.542" classname="test.api.BasicAuthenticationTest"/>
  <testcase name="basicAuthenticationTest" time="1.382" classname="test.api.BasicAuthenticationTest"/>
</testsuite> <!-- test.api.BasicAuthenticationTest -->
