<?xml version="1.0" encoding="UTF-8"?>
<!-- Generated by org.testng.reporters.JUnitReportReporter -->
<testsuite skipped="0" hostname="SVRODK00074" name="group2.artifact2.LoginTest" tests="1" failures="0" timestamp="19 Jul 2018 13:50:57 GMT" time="2.833" errors="0">
  <testcase name="testMet1" time="2.833" classname="group2.artifact2.LoginTest"/>
</testsuite> <!-- group2.artifact2.LoginTest -->
