<?xml version="1.0" encoding="UTF-8"?>
<!-- Generated by org.testng.reporters.JUnitReportReporter -->
<testsuite skipped="0" hostname="SVRODK00074" name="test.sv.MobileHomepageTest" tests="1" failures="0" timestamp="25 Jul 2018 13:45:28 GMT" time="34.654" errors="0">
  <testcase name="testHomepage" time="34.654" classname="test.sv.MobileHomepageTest"/>
</testsuite> <!-- test.sv.MobileHomepageTest -->
