<?xml version="1.0" encoding="UTF-8"?>
<!-- Generated by org.testng.reporters.JUnitReportReporter -->
<testsuite skipped="0" hostname="SVRODK00074" name="test.api.GetUsersTest" tests="5" failures="0" timestamp="27 Jul 2018 09:01:43 GMT" time="6.711" errors="0">
  <testcase name="getUsersTestNG" time="0.348" classname="test.api.GetUsersTest"/>
  <testcase name="postTest" time="1.132" classname="test.api.GetUsersTest"/>
  <testcase name="getUsersTestRA" time="0.422" classname="test.api.GetUsersTest"/>
  <testcase name="getUsersTest" time="4.444" classname="test.api.GetUsersTest"/>
  <testcase name="getUsers" time="0.365" classname="test.api.GetUsersTest"/>
</testsuite> <!-- test.api.GetUsersTest -->
