<?xml version="1.0" encoding="UTF-8"?>
<!-- Generated by org.testng.reporters.JUnitReportReporter -->
<testsuite skipped="0" hostname="SVRODK00074" name="test.automation.HomeTest" tests="1" failures="0" timestamp="25 Jul 2018 07:58:59 GMT" time="3.744" errors="0">
  <testcase name="testHome" time="3.744" classname="test.automation.HomeTest"/>
</testsuite> <!-- test.automation.HomeTest -->
