<?xml version="1.0" encoding="UTF-8"?>
<!-- Generated by org.testng.reporters.JUnitReportReporter -->
<testsuite skipped="0" hostname="SVRODK00074" name="test.HomepageTest" tests="1" failures="0" timestamp="02 Aug 2018 12:57:16 GMT" time="6.280" errors="0">
  <testcase name="testHome" time="6.280" classname="test.HomepageTest"/>
</testsuite> <!-- test.HomepageTest -->
