<?xml version="1.0" encoding="UTF-8"?>
<!-- Generated by org.testng.reporters.JUnitReportReporter -->
<testsuite skipped="0" hostname="SVRODK00074" name="group2.artifact2.Test.SearchTest" tests="1" failures="0" timestamp="23 Jul 2018 14:53:31 GMT" time="4.489" errors="0">
  <testcase name="testSearch" time="4.489" classname="group2.artifact2.Test.SearchTest"/>
</testsuite> <!-- group2.artifact2.Test.SearchTest -->
