<?xml version="1.0" encoding="UTF-8"?>
<!-- Generated by org.testng.reporters.JUnitReportReporter -->
<testsuite skipped="0" hostname="SVRODK00074" name="test.api.CreateUserTest" tests="5" failures="0" timestamp="27 Jul 2018 09:01:43 GMT" time="3.999" errors="0">
  <testcase name="test" time="0.972" classname="test.api.CreateUserTest"/>
  <testcase name="test" time="0.872" classname="test.api.CreateUserTest"/>
  <testcase name="test" time="0.696" classname="test.api.CreateUserTest"/>
  <testcase name="test" time="0.722" classname="test.api.CreateUserTest"/>
  <testcase name="test" time="0.737" classname="test.api.CreateUserTest"/>
</testsuite> <!-- test.api.CreateUserTest -->
