<?xml version="1.0" encoding="UTF-8"?>
<!-- Generated by org.testng.reporters.JUnitReportReporter -->
<testsuite skipped="0" hostname="SVRODK00074" name="group2.artifact2.TestSession4" tests="3" failures="0" timestamp="19 Jul 2018 10:23:05 GMT" time="3.697" errors="0">
  <testcase name="testMet2" time="1.345" classname="group2.artifact2.TestSession4"/>
  <testcase name="testMet3" time="1.317" classname="group2.artifact2.TestSession4"/>
  <testcase name="testMet1" time="1.035" classname="group2.artifact2.TestSession4"/>
</testsuite> <!-- group2.artifact2.TestSession4 -->
