<?xml version="1.0" encoding="UTF-8"?>
<!-- Generated by org.testng.reporters.JUnitReportReporter -->
<testsuite skipped="0" hostname="SVRODK00074" name="group2.artifact2.Test.LoginTest" tests="2" failures="0" timestamp="23 Jul 2018 14:29:17 GMT" time="10.698" errors="0">
  <testcase name="testLogin1" time="7.328" classname="group2.artifact2.Test.LoginTest"/>
  <testcase name="testLogin2" time="3.370" classname="group2.artifact2.Test.LoginTest"/>
</testsuite> <!-- group2.artifact2.Test.LoginTest -->
