<?xml version="1.0" encoding="UTF-8"?>
<!-- Generated by org.testng.reporters.JUnitReportReporter -->
<testsuite skipped="0" hostname="SVRODK00074" name="test.automation.SearchTest" tests="1" failures="0" timestamp="25 Jul 2018 07:58:59 GMT" time="3.645" errors="0">
  <testcase name="testSearch" time="3.645" classname="test.automation.SearchTest"/>
</testsuite> <!-- test.automation.SearchTest -->
