<?xml version="1.0" encoding="UTF-8"?>
<!-- Generated by org.testng.reporters.JUnitReportReporter -->
<testsuite skipped="0" hostname="SVRODK00074" name="group2.artifact2.Test.HomeTest" tests="1" failures="0" timestamp="23 Jul 2018 14:32:04 GMT" time="3.910" errors="0">
  <testcase name="testHome" time="3.910" classname="group2.artifact2.Test.HomeTest"/>
</testsuite> <!-- group2.artifact2.Test.HomeTest -->
