<?xml version="1.0" encoding="UTF-8"?>
<!-- Generated by org.testng.reporters.JUnitReportReporter -->
<testsuite skipped="0" hostname="SVRODK00074" name="test.automation.LoginTest" tests="2" failures="0" timestamp="25 Jul 2018 07:58:59 GMT" time="15.491" errors="0">
  <testcase name="testLogin2" time="4.029" classname="test.automation.LoginTest"/>
  <testcase name="testLogin1" time="11.462" classname="test.automation.LoginTest"/>
</testsuite> <!-- test.automation.LoginTest -->
